# JRE version: OpenJDK Runtime Environment Corretto-17.0.18.9.1 (17.0.18+9) (build 17.0.18+9-LTS)
# Java VM: OpenJDK 64-Bit Server VM Corretto-17.0.18.9.1 (17.0.18+9-LTS, mixed mode, sharing, tiered, compressed oops, compressed class ptrs, g1 gc, bsd-amd64)
GC Precious Log:
 CPUs: 10 total, 10 available
 Memory: 16384M
 Large Page Support: Disabled
 NUMA Support: Disabled
 Compressed Oops: Enabled (Zero based)
 Heap Region Size: 2M
 Heap Min Capacity: 8M
 Heap Initial Capacity: 256M
 Heap Max Capacity: 4G
 Pre-touch: Disabled
 Parallel Workers: 9
 Concurrent Workers: 2
 Concurrent Refinement Workers: 9
 Periodic GC: Disabled
Heap:
 garbage-first heap   total 266240K, used 101476K [0x0000000700000000, 0x0000000800000000)
  region size 2048K, 34 young (69632K), 1 survivors (2048K)
 Metaspace       used 15408K, committed 15616K, reserved 1114112K
  class space    used 1388K, committed 1472K, reserved 1048576K
GC Heap History (20 events):
Event: 286.107 GC heap before
{Heap before GC invocations=6 (full 0):
 garbage-first heap   total 266240K, used 189708K [0x0000000700000000, 0x0000000800000000)
  region size 2048K, 76 young (155648K), 1 survivors (2048K)
 Metaspace       used 15365K, committed 15552K, reserved 1114112K
  class space    used 1388K, committed 1472K, reserved 1048576K
}
Event: 286.108 GC heap after
{Heap after GC invocations=7 (full 0):
 garbage-first heap   total 266240K, used 35965K [0x0000000700000000, 0x0000000800000000)
  region size 2048K, 1 young (2048K), 1 survivors (2048K)
 Metaspace       used 15365K, committed 15552K, reserved 1114112K
  class space    used 1388K, committed 1472K, reserved 1048576K
}
Event: 364.873 GC heap before
{Heap before GC invocations=7 (full 0):
 garbage-first heap   total 266240K, used 189565K [0x0000000700000000, 0x0000000800000000)
  region size 2048K, 76 young (155648K), 1 survivors (2048K)
 Metaspace       used 15365K, committed 15552K, reserved 1114112K
  class space    used 1388K, committed 1472K, reserved 1048576K
}
Event: 364.874 GC heap after
{Heap after GC invocations=8 (full 0):
 garbage-first heap   total 266240K, used 35936K [0x0000000700000000, 0x0000000800000000)
  region size 2048K, 1 young (2048K), 1 survivors (2048K)
 Metaspace       used 15365K, committed 15552K, reserved 1114112K
  class space    used 1388K, committed 1472K, reserved 1048576K
}
Event: 443.327 GC heap before
{Heap before GC invocations=8 (full 0):
 garbage-first heap   total 266240K, used 189536K [0x0000000700000000, 0x0000000800000000)
  region size 2048K, 76 young (155648K), 1 survivors (2048K)
 Metaspace       used 15379K, committed 15552K, reserved 1114112K
  class space    used 1388K, committed 1472K, reserved 1048576K
}
Event: 443.328 GC heap after
{Heap after GC invocations=9 (full 0):
 garbage-first heap   total 266240K, used 35940K [0x0000000700000000, 0x0000000800000000)
  region size 2048K, 1 young (2048K), 1 survivors (2048K)
 Metaspace       used 15379K, committed 15552K, reserved 1114112K
  class space    used 1388K, committed 1472K, reserved 1048576K
}
Event: 517.811 GC heap before
{Heap before GC invocations=9 (full 0):
 garbage-first heap   total 266240K, used 189540K [0x0000000700000000, 0x0000000800000000)
  region size 2048K, 76 young (155648K), 1 survivors (2048K)
 Metaspace       used 15401K, committed 15552K, reserved 1114112K
  class space    used 1388K, committed 1472K, reserved 1048576K
}
Event: 517.812 GC heap after
{Heap after GC invocations=10 (full 0):
 garbage-first heap   total 266240K, used 35940K [0x0000000700000000, 0x0000000800000000)
  region size 2048K, 1 young (2048K), 1 survivors (2048K)
 Metaspace       used 15401K, committed 15552K, reserved 1114112K
  class space    used 1388K, committed 1472K, reserved 1048576K
}
Event: 592.952 GC heap before
{Heap before GC invocations=10 (full 0):
 garbage-first heap   total 266240K, used 189540K [0x0000000700000000, 0x0000000800000000)
  region size 2048K, 76 young (155648K), 1 survivors (2048K)
 Metaspace       used 15401K, committed 15552K, reserved 1114112K
  class space    used 1388K, committed 1472K, reserved 1048576K
}
Event: 592.953 GC heap after
{Heap after GC invocations=11 (full 0):
 garbage-first heap   total 266240K, used 35941K [0x0000000700000000, 0x0000000800000000)
  region size 2048K, 1 young (2048K), 1 survivors (2048K)
 Metaspace       used 15401K, committed 15552K, reserved 1114112K
  class space    used 1388K, committed 1472K, reserved 1048576K
}
Event: 669.569 GC heap before
{Heap before GC invocations=11 (full 0):
 garbage-first heap   total 266240K, used 189541K [0x0000000700000000, 0x0000000800000000)
  region size 2048K, 76 young (155648K), 1 survivors (2048K)
 Metaspace       used 15401K, committed 15552K, reserved 1114112K
  class space    used 1388K, committed 1472K, reserved 1048576K
}
Event: 669.570 GC heap after
{Heap after GC invocations=12 (full 0):
 garbage-first heap   total 266240K, used 35939K [0x0000000700000000, 0x0000000800000000)
  region size 2048K, 1 young (2048K), 1 survivors (2048K)
 Metaspace       used 15401K, committed 15552K, reserved 1114112K
  class space    used 1388K, committed 1472K, reserved 1048576K
}
Event: 746.425 GC heap before
{Heap before GC invocations=12 (full 0):
 garbage-first heap   total 266240K, used 189539K [0x0000000700000000, 0x0000000800000000)
  region size 2048K, 76 young (155648K), 1 survivors (2048K)
 Metaspace       used 15401K, committed 15552K, reserved 1114112K
  class space    used 1388K, committed 1472K, reserved 1048576K
}
Event: 746.426 GC heap after
{Heap after GC invocations=13 (full 0):
 garbage-first heap   total 266240K, used 35940K [0x0000000700000000, 0x0000000800000000)
  region size 2048K, 1 young (2048K), 1 survivors (2048K)
 Metaspace       used 15401K, committed 15552K, reserved 1114112K
  class space    used 1388K, committed 1472K, reserved 1048576K
}
Event: 822.419 GC heap before
{Heap before GC invocations=13 (full 0):
 garbage-first heap   total 266240K, used 189540K [0x0000000700000000, 0x0000000800000000)
  region size 2048K, 76 young (155648K), 1 survivors (2048K)
 Metaspace       used 15401K, committed 15552K, reserved 1114112K
  class space    used 1388K, committed 1472K, reserved 1048576K
}
Event: 822.420 GC heap after
{Heap after GC invocations=14 (full 0):
 garbage-first heap   total 266240K, used 35941K [0x0000000700000000, 0x0000000800000000)
  region size 2048K, 1 young (2048K), 1 survivors (2048K)
 Metaspace       used 15401K, committed 15552K, reserved 1114112K
  class space    used 1388K, committed 1472K, reserved 1048576K
}
Event: 898.660 GC heap before
{Heap before GC invocations=14 (full 0):
 garbage-first heap   total 266240K, used 189541K [0x0000000700000000, 0x0000000800000000)
  region size 2048K, 76 young (155648K), 1 survivors (2048K)
 Metaspace       used 15401K, committed 15552K, reserved 1114112K
  class space    used 1388K, committed 1472K, reserved 1048576K
}
Event: 898.662 GC heap after
{Heap after GC invocations=15 (full 0):
 garbage-first heap   total 266240K, used 35939K [0x0000000700000000, 0x0000000800000000)
  region size 2048K, 1 young (2048K), 1 survivors (2048K)
 Metaspace       used 15401K, committed 15552K, reserved 1114112K
  class space    used 1388K, committed 1472K, reserved 1048576K
}
Event: 973.626 GC heap before
{Heap before GC invocations=15 (full 0):
 garbage-first heap   total 266240K, used 189539K [0x0000000700000000, 0x0000000800000000)
  region size 2048K, 76 young (155648K), 1 survivors (2048K)
 Metaspace       used 15401K, committed 15552K, reserved 1114112K
  class space    used 1388K, committed 1472K, reserved 1048576K
}
Event: 973.627 GC heap after
{Heap after GC invocations=16 (full 0):
 garbage-first heap   total 266240K, used 35940K [0x0000000700000000, 0x0000000800000000)
  region size 2048K, 1 young (2048K), 1 survivors (2048K)
 Metaspace       used 15401K, committed 15552K, reserved 1114112K
  class space    used 1388K, committed 1472K, reserved 1048576K
}

